<?xml version="1.0" encoding="UTF-8"?>
<!-- Generated by org.testng.reporters.JUnitXMLReporter -->
<testsuite hostname="DESKTOP-LGK0HOD" name="Command line test" tests="4" failures="0" timestamp="11 Mar 2019 19:05:23 GMT" time="80.963" errors="0">
  <testcase name="verifyHomePageTest" time="13.602" classname="com.actitime.logintest.VerifyHomePageTest"/>
  <testcase name="verifyLogoOnHomePage" time="0.287" classname="com.actitime.logintest.VerifyHomePageTest"/>
  <testcase name="createCustomerTest" time="7.245" classname="com.actitime.customertest.createCustomerTest"/>
  <testcase name="createcustomerwithdescription" time="5.007" classname="com.actitime.customertest.createCustomerTest"/>
</testsuite> <!-- Command line test -->
